<?xml version="1.0" encoding="UTF-8"?>
<testng-results skipped="0" failed="0" ignored="0" total="1" passed="1">
  <reporter-output>
  </reporter-output>
  <suite name="Default suite" duration-ms="102181" started-at="2021-08-26T23:22:48 IST" finished-at="2021-08-26T23:24:30 IST">
    <groups>
    </groups>
    <test name="Default test" duration-ms="102181" started-at="2021-08-26T23:22:48 IST" finished-at="2021-08-26T23:24:30 IST">
      <class name="orange.HRM.TestCases.VerifyOrangeHRM">
        <test-method status="PASS" signature="VerifyOrangeHRMSearch()[pri:0, instance:orange.HRM.TestCases.VerifyOrangeHRM@6121c9d6]" name="VerifyOrangeHRMSearch" duration-ms="102116" started-at="2021-08-26T23:22:48 IST" finished-at="2021-08-26T23:24:30 IST">
          <reporter-output>
          </reporter-output>
        </test-method> <!-- VerifyOrangeHRMSearch -->
      </class> <!-- orange.HRM.TestCases.VerifyOrangeHRM -->
    </test> <!-- Default test -->
  </suite> <!-- Default suite -->
</testng-results>
